<?xml version="1.0" encoding="UTF-8"?>
<!-- Generated by org.testng.reporters.JUnitXMLReporter -->
<testsuite ignored="0" hostname="PC-NamLe" failures="0" tests="5" name="Default test" time="45.65" errors="0" timestamp="2025-06-23T16:04:18 ICT">
  <testcase classname="com.nam.qa.practice.SearchTest" name="verifySearchWithValidKeyword" time="5.215"/>
  <testcase classname="com.nam.qa.practice.SearchTest" name="verifySearchWithEmptyKeyword" time="3.513"/>
  <testcase classname="com.nam.qa.practice.SearchTest" name="verifySearchWithLongKeyword" time="4.515"/>
  <testcase classname="com.nam.qa.practice.SearchTest" name="verifySearchWithUnicodeCharacters" time="5.331"/>
  <testcase classname="com.nam.qa.practice.SearchTest" name="verifySearchByClickingSearchButton" time="0.512"/>
</testsuite> <!-- Default test -->
