<?xml version="1.0" encoding="UTF-8"?>
<testng-results ignored="0" total="9" passed="9" failed="0" skipped="0">
  <reporter-output>
  </reporter-output>
  <suite started-at="2025-06-26T11:50:49 ICT" name="Default suite" finished-at="2025-06-26T11:52:09 ICT" duration-ms="79965">
    <groups>
    </groups>
    <test started-at="2025-06-26T11:50:49 ICT" name="Default test" finished-at="2025-06-26T11:52:09 ICT" duration-ms="79965">
      <class name="com.nam.qa.practice.CartTest">
        <test-method is-config="true" signature="SetUp()[pri:0, instance:com.nam.qa.practice.CartTest@4470fbd6]" started-at="2025-06-26T11:50:49 ICT" name="SetUp" finished-at="2025-06-26T11:50:52 ICT" duration-ms="2262" status="PASS">
          <reporter-output>
          </reporter-output>
        </test-method> <!-- SetUp -->
        <test-method is-config="true" signature="setup()[pri:0, instance:com.nam.qa.practice.CartTest@4470fbd6]" started-at="2025-06-26T11:50:52 ICT" name="setup" finished-at="2025-06-26T11:50:53 ICT" duration-ms="1013" status="PASS">
          <reporter-output>
          </reporter-output>
        </test-method> <!-- setup -->
        <test-method signature="verifyMenuCartPage()[pri:0, instance:com.nam.qa.practice.CartTest@4470fbd6]" started-at="2025-06-26T11:50:53 ICT" name="verifyMenuCartPage" finished-at="2025-06-26T11:50:59 ICT" duration-ms="5929" status="PASS">
          <reporter-output>
          </reporter-output>
        </test-method> <!-- verifyMenuCartPage -->
        <test-method is-config="true" signature="setup()[pri:0, instance:com.nam.qa.practice.CartTest@4470fbd6]" started-at="2025-06-26T11:50:59 ICT" name="setup" finished-at="2025-06-26T11:50:59 ICT" duration-ms="443" status="PASS">
          <reporter-output>
          </reporter-output>
        </test-method> <!-- setup -->
        <test-method signature="verifyButtonContinueShopping()[pri:1, instance:com.nam.qa.practice.CartTest@4470fbd6]" started-at="2025-06-26T11:50:59 ICT" name="verifyButtonContinueShopping" finished-at="2025-06-26T11:51:04 ICT" duration-ms="5265" status="PASS">
          <reporter-output>
          </reporter-output>
        </test-method> <!-- verifyButtonContinueShopping -->
        <test-method is-config="true" signature="setup()[pri:0, instance:com.nam.qa.practice.CartTest@4470fbd6]" started-at="2025-06-26T11:51:04 ICT" name="setup" finished-at="2025-06-26T11:51:05 ICT" duration-ms="373" status="PASS">
          <reporter-output>
          </reporter-output>
        </test-method> <!-- setup -->
        <test-method signature="verifyButtonCheckout()[pri:2, instance:com.nam.qa.practice.CartTest@4470fbd6]" started-at="2025-06-26T11:51:05 ICT" name="verifyButtonCheckout" finished-at="2025-06-26T11:51:10 ICT" duration-ms="5444" status="PASS">
          <reporter-output>
          </reporter-output>
        </test-method> <!-- verifyButtonCheckout -->
        <test-method is-config="true" signature="setup()[pri:0, instance:com.nam.qa.practice.CartTest@4470fbd6]" started-at="2025-06-26T11:51:10 ICT" name="setup" finished-at="2025-06-26T11:51:11 ICT" duration-ms="336" status="PASS">
          <reporter-output>
          </reporter-output>
        </test-method> <!-- setup -->
        <test-method signature="verifyProductIsAddedToCartSuccessfully()[pri:3, instance:com.nam.qa.practice.CartTest@4470fbd6]" started-at="2025-06-26T11:51:11 ICT" name="verifyProductIsAddedToCartSuccessfully" finished-at="2025-06-26T11:51:18 ICT" duration-ms="7319" status="PASS">
          <reporter-output>
          </reporter-output>
        </test-method> <!-- verifyProductIsAddedToCartSuccessfully -->
        <test-method is-config="true" signature="setup()[pri:0, instance:com.nam.qa.practice.CartTest@4470fbd6]" started-at="2025-06-26T11:51:18 ICT" name="setup" finished-at="2025-06-26T11:51:18 ICT" duration-ms="324" status="PASS">
          <reporter-output>
          </reporter-output>
        </test-method> <!-- setup -->
        <test-method signature="verifyProductNameMatchesBetweenProductAndCartPages()[pri:4, instance:com.nam.qa.practice.CartTest@4470fbd6]" started-at="2025-06-26T11:51:18 ICT" name="verifyProductNameMatchesBetweenProductAndCartPages" finished-at="2025-06-26T11:51:26 ICT" duration-ms="7312" status="PASS">
          <reporter-output>
          </reporter-output>
        </test-method> <!-- verifyProductNameMatchesBetweenProductAndCartPages -->
        <test-method is-config="true" signature="setup()[pri:0, instance:com.nam.qa.practice.CartTest@4470fbd6]" started-at="2025-06-26T11:51:26 ICT" name="setup" finished-at="2025-06-26T11:51:26 ICT" duration-ms="331" status="PASS">
          <reporter-output>
          </reporter-output>
        </test-method> <!-- setup -->
        <test-method signature="verifyProductDescriptionMatchesBetweenProductAndCartPages()[pri:5, instance:com.nam.qa.practice.CartTest@4470fbd6]" started-at="2025-06-26T11:51:26 ICT" name="verifyProductDescriptionMatchesBetweenProductAndCartPages" finished-at="2025-06-26T11:51:33 ICT" duration-ms="7204" status="PASS">
          <reporter-output>
          </reporter-output>
        </test-method> <!-- verifyProductDescriptionMatchesBetweenProductAndCartPages -->
        <test-method is-config="true" signature="setup()[pri:0, instance:com.nam.qa.practice.CartTest@4470fbd6]" started-at="2025-06-26T11:51:33 ICT" name="setup" finished-at="2025-06-26T11:51:34 ICT" duration-ms="358" status="PASS">
          <reporter-output>
          </reporter-output>
        </test-method> <!-- setup -->
        <test-method signature="verifyProductPriceMatchesBetweenProductAndCartPages()[pri:6, instance:com.nam.qa.practice.CartTest@4470fbd6]" started-at="2025-06-26T11:51:34 ICT" name="verifyProductPriceMatchesBetweenProductAndCartPages" finished-at="2025-06-26T11:51:41 ICT" duration-ms="7238" status="PASS">
          <reporter-output>
          </reporter-output>
        </test-method> <!-- verifyProductPriceMatchesBetweenProductAndCartPages -->
        <test-method is-config="true" signature="setup()[pri:0, instance:com.nam.qa.practice.CartTest@4470fbd6]" started-at="2025-06-26T11:51:41 ICT" name="setup" finished-at="2025-06-26T11:51:41 ICT" duration-ms="341" status="PASS">
          <reporter-output>
          </reporter-output>
        </test-method> <!-- setup -->
        <test-method signature="verifyQuantityProduct()[pri:7, instance:com.nam.qa.practice.CartTest@4470fbd6]" started-at="2025-06-26T11:51:41 ICT" name="verifyQuantityProduct" finished-at="2025-06-26T11:51:43 ICT" duration-ms="2107" status="PASS">
          <reporter-output>
          </reporter-output>
        </test-method> <!-- verifyQuantityProduct -->
        <test-method is-config="true" signature="setup()[pri:0, instance:com.nam.qa.practice.CartTest@4470fbd6]" started-at="2025-06-26T11:51:43 ICT" name="setup" finished-at="2025-06-26T11:51:44 ICT" duration-ms="309" status="PASS">
          <reporter-output>
          </reporter-output>
        </test-method> <!-- setup -->
        <test-method signature="verifyRemoveProductFromCartPage()[pri:8, instance:com.nam.qa.practice.CartTest@4470fbd6]" started-at="2025-06-26T11:51:44 ICT" name="verifyRemoveProductFromCartPage" finished-at="2025-06-26T11:52:06 ICT" duration-ms="22053" status="PASS">
          <reporter-output>
          </reporter-output>
        </test-method> <!-- verifyRemoveProductFromCartPage -->
        <test-method is-config="true" signature="TearDown()[pri:0, instance:com.nam.qa.practice.CartTest@4470fbd6]" started-at="2025-06-26T11:52:06 ICT" name="TearDown" finished-at="2025-06-26T11:52:09 ICT" duration-ms="3554" status="PASS">
          <reporter-output>
          </reporter-output>
        </test-method> <!-- TearDown -->
      </class> <!-- com.nam.qa.practice.CartTest -->
    </test> <!-- Default test -->
  </suite> <!-- Default suite -->
</testng-results>
